<?xml version="1.0" encoding="UTF-8"?>
<testsuite name="Tests" tests="4" skipped="0" failures="0" errors="0" timestamp="2019-08-25T13:39:50" hostname="LAPTOP-KMTAUK9H" time="0.002">
  <properties/>
  <testcase name="testSolution" classname="Tests" time="0.001"/>
  <testcase name="testSolution1" classname="Tests" time="0.0"/>
  <testcase name="testSolution2" classname="Tests" time="0.0"/>
  <testcase name="testSolution3" classname="Tests" time="0.0"/>
  <system-out><![CDATA[]]></system-out>
  <system-err><![CDATA[]]></system-err>
</testsuite>
