<?xml version="1.0" encoding="UTF-8"?>
<testsuite name="Tests" tests="4" skipped="0" failures="0" errors="0" timestamp="2019-08-25T13:48:30" hostname="LAPTOP-KMTAUK9H" time="0.001">
  <properties/>
  <testcase name="testForNumber4" classname="Tests" time="0.0"/>
  <testcase name="testForNull" classname="Tests" time="0.0"/>
  <testcase name="testForLowercaseA" classname="Tests" time="0.0"/>
  <testcase name="testForSpace" classname="Tests" time="0.0"/>
  <system-out><![CDATA[]]></system-out>
  <system-err><![CDATA[]]></system-err>
</testsuite>
