<?xml version="1.0" encoding="UTF-8"?>
<testsuite name="Tests" tests="3" skipped="0" failures="0" errors="0" timestamp="2019-08-25T09:05:39" hostname="LAPTOP-KMTAUK9H" time="0.001">
  <properties/>
  <testcase name="test2" classname="Tests" time="0.0"/>
  <testcase name="test3" classname="Tests" time="0.0"/>
  <testcase name="testWithSimpleValues" classname="Tests" time="0.0"/>
  <system-out><![CDATA[]]></system-out>
  <system-err><![CDATA[]]></system-err>
</testsuite>
